[RUN] python /local/TTLoRAMoE-SC25/Artifact_1.3/.moe_train_c3_20250912-131509.py --batchsize 32 --epochs 100 --patience 10 --workers 8 --gpus 2 --router single_layer
/local/miniconda/envs/ttloramoe/lib/python3.11/site-packages/transformers/utils/hub.py:105: FutureWarning: Using `TRANSFORMERS_CACHE` is deprecated and will be removed in v5 of Transformers. Use `HF_HOME` instead.
  warnings.warn(
/local/TTLoRAMoE-SC25/utils.py:428: FutureWarning: You are using `torch.load` with `weights_only=False` (the current default value), which uses the default pickle module implicitly. It is possible to construct malicious pickle data which will execute arbitrary code during unpickling (See https://github.com/pytorch/pytorch/blob/main/SECURITY.md#untrusted-models for more details). In a future release, the default value for `weights_only` will be flipped to `True`. This limits the functions that could be executed during unpickling. Arbitrary objects will no longer be allowed to be loaded via this mode unless they are explicitly allowlisted by the user via `torch.serialization.add_safe_globals`. We recommend you start setting `weights_only=True` for any use case where you don't have full control of the loaded file. Please open an issue on GitHub for any issues related to this experimental feature.
  checkpoint = torch.load(file_path, map_location="cpu")
Traceback (most recent call last):
  File "/local/TTLoRAMoE-SC25/Artifact_1.3/.moe_train_c3_20250912-131509.py", line 6, in <module>
    runpy.run_path(os.path.join(os.path.dirname(__file__), 'moe_train.py'), run_name="__main__")
  File "<frozen runpy>", line 291, in run_path
  File "<frozen runpy>", line 98, in _run_module_code
  File "<frozen runpy>", line 88, in _run_code
  File "/local/TTLoRAMoE-SC25/Artifact_1.3/moe_train.py", line 307, in <module>
    main()
  File "/local/TTLoRAMoE-SC25/Artifact_1.3/moe_train.py", line 294, in main
    analysis =  train_moe_without_ray(config)
                ^^^^^^^^^^^^^^^^^^^^^^^^^^^^^
  File "/local/TTLoRAMoE-SC25/Artifact_1.3/moe_train.py", line 38, in train_moe_without_ray
    model = load_new_model_for_sequence_classification_from_local_path(config)
            ^^^^^^^^^^^^^^^^^^^^^^^^^^^^^^^^^^^^^^^^^^^^^^^^^^^^^^^^^^^^^^^^^^
  File "/local/TTLoRAMoE-SC25/utils.py", line 253, in load_new_model_for_sequence_classification_from_local_path
    if "socialiqa" in config["dataset_name"] or "sick" in config["dataset_name"] or "cb" in config["dataset_name"] or "mnli" in config["dataset_name"]:
       ^^^^^^^^^^^^^^^^^^^^^^^^^^^^^^^^^^^^^
TypeError: argument of type 'NoneType' is not iterable
